22:31:43 | 
==================================================
22:31:43 | YENIEMLAK.AZ SCRAPER
22:31:43 | ==================================================
22:31:43 | Started at: 2025-12-30 22:31:43.868156
22:31:43 | Pages: 1 to all
22:31:43 | Max concurrent requests: 2
22:31:43 | Checkpoint interval: every 25 listings
22:31:43 | Press Ctrl+C to stop and save progress
22:31:43 | ==================================================
22:31:43 | Loaded checkpoint: 12696 listings completed
22:31:43 | Loaded 12696 listings from progress file
22:31:43 | 
Resuming scraping: 13656 listings remaining
22:31:43 | 
==================================================
22:31:43 | PHASE 2: Scraping listing details
22:31:43 | ==================================================
22:31:55 |   Progress: 10/13656 (10 successful, 0 failed)
22:32:07 |   Progress: 20/13656 (20 successful, 0 failed)
22:32:13 |     [Checkpoint saved: 12721 listings]
22:32:19 |   Progress: 30/13656 (30 successful, 0 failed)
22:32:28 | Rate limited, waiting 10s...
22:32:41 |   Progress: 40/13656 (40 successful, 0 failed)
22:32:42 | Rate limited, waiting 10s...
22:32:56 | Rate limited, waiting 10s...
22:33:13 |   Progress: 50/13656 (50 successful, 0 failed)
22:33:13 |     [Checkpoint saved: 12746 listings]
22:33:17 | Rate limited, waiting 10s...
22:33:35 |   Progress: 60/13656 (60 successful, 0 failed)
22:33:43 | Rate limited, waiting 10s...
22:33:58 |   Progress: 70/13656 (70 successful, 0 failed)
22:34:04 |     [Checkpoint saved: 12771 listings]
22:34:07 | Rate limited, waiting 10s...
22:34:20 |   Progress: 80/13656 (80 successful, 0 failed)
22:34:31 | Rate limited, waiting 10s...
22:34:42 |   Progress: 90/13656 (90 successful, 0 failed)
22:34:54 | Rate limited, waiting 10s...
22:35:05 |   Progress: 100/13656 (100 successful, 0 failed)
22:35:05 |     [Checkpoint saved: 12796 listings]
22:35:17 |   Progress: 110/13656 (110 successful, 0 failed)
22:35:18 | Rate limited, waiting 10s...
22:35:59 | Timeout for https://yeniemlak.az/elan/satilir-3-otaqli-bina-evi-menzil-saray-abseron-rayonu-saray-qeseb-838942, retrying...
22:36:15 |   Progress: 120/13656 (120 successful, 0 failed)
22:36:21 |     [Checkpoint saved: 12821 listings]
22:36:27 |   Progress: 130/13656 (130 successful, 0 failed)
22:36:34 | Rate limited, waiting 10s...
22:36:47 | Rate limited, waiting 10s...
22:36:59 |   Progress: 140/13656 (140 successful, 0 failed)
22:37:01 | Rate limited, waiting 10s...
22:37:21 |   Progress: 150/13656 (150 successful, 0 failed)
22:37:21 |     [Checkpoint saved: 12846 listings]
22:37:27 | Rate limited, waiting 10s...
22:37:43 |   Progress: 160/13656 (160 successful, 0 failed)
22:37:51 | Rate limited, waiting 10s...
22:38:05 |   Progress: 170/13656 (170 successful, 0 failed)
22:38:11 |     [Checkpoint saved: 12870 listings]
22:38:14 | Rate limited, waiting 10s...
22:38:27 |   Progress: 180/13656 (179 successful, 1 failed)
22:38:34 | Rate limited, waiting 10s...
22:38:48 |   Progress: 190/13656 (189 successful, 1 failed)
22:38:54 | Rate limited, waiting 10s...
22:39:11 |   Progress: 200/13656 (199 successful, 1 failed)
22:39:11 |     [Checkpoint saved: 12895 listings]
22:39:18 | Rate limited, waiting 10s...
22:39:35 |   Progress: 210/13656 (209 successful, 1 failed)
22:39:45 | Rate limited, waiting 10s...
22:39:57 |   Progress: 220/13656 (219 successful, 1 failed)
22:40:03 |     [Checkpoint saved: 12920 listings]
22:40:08 | Rate limited, waiting 10s...
22:40:19 |   Progress: 230/13656 (229 successful, 1 failed)
22:40:30 | Rate limited, waiting 10s...
22:40:42 |   Progress: 240/13656 (239 successful, 1 failed)
22:40:52 | Rate limited, waiting 10s...
22:41:04 |   Progress: 250/13656 (249 successful, 1 failed)
22:41:04 |     [Checkpoint saved: 12945 listings]
22:41:14 | Rate limited, waiting 10s...
22:41:55 | Timeout for https://yeniemlak.az/elan/satilir-2-otaqli-bina-evi-menzil-nizami-rayonu-8-ci-kilometr-nefcler-724485, retrying...
22:42:02 |   Progress: 260/13656 (259 successful, 1 failed)
22:42:13 |   Progress: 270/13656 (269 successful, 1 failed)
22:42:20 |     [Checkpoint saved: 12970 listings]
22:42:26 |   Progress: 280/13656 (279 successful, 1 failed)
22:42:30 | Rate limited, waiting 10s...
22:42:43 | Rate limited, waiting 10s...
22:42:57 | Rate limited, waiting 10s...
22:43:08 |   Progress: 290/13656 (289 successful, 1 failed)
22:43:19 | Rate limited, waiting 10s...
22:43:30 |   Progress: 300/13656 (299 successful, 1 failed)
22:43:31 |     [Checkpoint saved: 12995 listings]
22:43:43 |   Progress: 310/13656 (309 successful, 1 failed)
22:43:45 | Rate limited, waiting 10s...
22:44:05 |   Progress: 320/13656 (319 successful, 1 failed)
22:44:09 | Rate limited, waiting 10s...
22:44:21 |     [Checkpoint saved: 13020 listings]
22:44:27 |   Progress: 330/13656 (329 successful, 1 failed)
22:44:31 | Rate limited, waiting 10s...
22:44:49 |   Progress: 340/13656 (339 successful, 1 failed)
22:44:52 | Rate limited, waiting 10s...
22:45:11 |   Progress: 350/13656 (349 successful, 1 failed)
22:45:11 |     [Checkpoint saved: 13045 listings]
22:45:14 | Rate limited, waiting 10s...
22:45:33 |   Progress: 360/13656 (359 successful, 1 failed)
22:45:36 | Rate limited, waiting 10s...
22:45:55 |   Progress: 370/13656 (369 successful, 1 failed)
22:45:58 | Rate limited, waiting 10s...
22:46:11 |     [Checkpoint saved: 13070 listings]
22:46:17 |   Progress: 380/13656 (379 successful, 1 failed)
22:46:23 | Rate limited, waiting 10s...
22:46:39 |   Progress: 390/13656 (389 successful, 1 failed)
22:46:47 | Rate limited, waiting 10s...
22:47:01 |   Progress: 400/13656 (399 successful, 1 failed)
22:47:01 |     [Checkpoint saved: 13095 listings]
22:47:12 | Rate limited, waiting 10s...
22:47:23 |   Progress: 410/13656 (409 successful, 1 failed)
22:47:31 | Rate limited, waiting 10s...
22:47:45 |   Progress: 420/13656 (419 successful, 1 failed)
22:47:51 |     [Checkpoint saved: 13120 listings]
22:47:54 | Rate limited, waiting 10s...
22:48:07 |   Progress: 430/13656 (429 successful, 1 failed)
22:48:16 | Rate limited, waiting 10s...
22:48:30 |   Progress: 440/13656 (439 successful, 1 failed)
22:48:39 | Rate limited, waiting 10s...
22:48:52 |   Progress: 450/13656 (449 successful, 1 failed)
22:48:52 |     [Checkpoint saved: 13145 listings]
22:49:02 | Rate limited, waiting 10s...
22:49:14 |   Progress: 460/13656 (459 successful, 1 failed)
22:49:25 |   Progress: 470/13656 (469 successful, 1 failed)
22:49:26 | Rate limited, waiting 10s...
22:49:42 |     [Checkpoint saved: 13170 listings]
22:49:48 |   Progress: 480/13656 (479 successful, 1 failed)
22:49:51 | Rate limited, waiting 10s...
22:50:10 |   Progress: 490/13656 (489 successful, 1 failed)
22:50:15 | Rate limited, waiting 10s...
22:50:32 |   Progress: 500/13656 (499 successful, 1 failed)
22:50:32 |     [Checkpoint saved: 13195 listings]
22:50:36 | Rate limited, waiting 10s...
22:50:54 |   Progress: 510/13656 (509 successful, 1 failed)
22:50:56 | Rate limited, waiting 10s...
22:51:16 |   Progress: 520/13656 (519 successful, 1 failed)
22:51:20 | Rate limited, waiting 10s...
22:51:33 |     [Checkpoint saved: 13220 listings]
22:51:38 |   Progress: 530/13656 (529 successful, 1 failed)
22:51:44 | Rate limited, waiting 10s...
22:52:00 |   Progress: 540/13656 (539 successful, 1 failed)
22:52:07 | Rate limited, waiting 10s...
22:52:22 |   Progress: 550/13656 (549 successful, 1 failed)
22:52:22 |     [Checkpoint saved: 13245 listings]
22:52:31 | Rate limited, waiting 10s...
22:52:44 |   Progress: 560/13656 (559 successful, 1 failed)
22:52:56 |   Progress: 570/13656 (569 successful, 1 failed)
22:53:03 |     [Checkpoint saved: 13270 listings]
22:53:08 |   Progress: 580/13656 (579 successful, 1 failed)
22:53:18 | Rate limited, waiting 10s...
22:53:31 |   Progress: 590/13656 (589 successful, 1 failed)
22:53:36 | Rate limited, waiting 10s...
22:53:52 |   Progress: 600/13656 (599 successful, 1 failed)
22:53:53 |     [Checkpoint saved: 13295 listings]
22:53:54 | Rate limited, waiting 10s...
22:54:14 |   Progress: 610/13656 (609 successful, 1 failed)
22:54:15 | Rate limited, waiting 10s...
22:54:37 |   Progress: 620/13656 (619 successful, 1 failed)
22:54:38 | Rate limited, waiting 10s...
22:55:19 | Timeout for https://yeniemlak.az/elan/satilir-3-otaqli-bina-evi-menzil-12-ci-mikrorayon-sumqayit-seher-838512, retrying...
22:55:29 |     [Checkpoint saved: 13320 listings]
22:55:35 |   Progress: 630/13656 (629 successful, 1 failed)
22:55:47 |   Progress: 640/13656 (639 successful, 1 failed)
22:55:59 |   Progress: 650/13656 (649 successful, 1 failed)
22:55:59 |     [Checkpoint saved: 13345 listings]
22:56:02 | Rate limited, waiting 10s...
22:56:21 |   Progress: 660/13656 (659 successful, 1 failed)
22:56:27 | Rate limited, waiting 10s...
22:56:43 |   Progress: 670/13656 (669 successful, 1 failed)
22:56:49 |     [Checkpoint saved: 13370 listings]
22:56:53 | Rate limited, waiting 10s...
22:57:06 |   Progress: 680/13656 (679 successful, 1 failed)
22:57:16 | Rate limited, waiting 10s...
22:57:28 |   Progress: 690/13656 (689 successful, 1 failed)
22:57:39 | Rate limited, waiting 10s...
22:57:50 |   Progress: 700/13656 (699 successful, 1 failed)
22:57:50 |     [Checkpoint saved: 13395 listings]
22:58:01 | Rate limited, waiting 10s...
22:58:12 |   Progress: 710/13656 (709 successful, 1 failed)
22:58:24 |   Progress: 720/13656 (719 successful, 1 failed)
22:58:26 | Rate limited, waiting 10s...
22:58:41 |     [Checkpoint saved: 13420 listings]
22:58:46 |   Progress: 730/13656 (729 successful, 1 failed)
22:58:51 | Rate limited, waiting 10s...
22:59:09 |   Progress: 740/13656 (739 successful, 1 failed)
22:59:15 | Rate limited, waiting 10s...
22:59:31 |   Progress: 750/13656 (749 successful, 1 failed)
22:59:31 |     [Checkpoint saved: 13445 listings]
22:59:36 | Rate limited, waiting 10s...
22:59:53 |   Progress: 760/13656 (759 successful, 1 failed)
22:59:57 | Rate limited, waiting 10s...
23:00:16 |   Progress: 770/13656 (769 successful, 1 failed)
23:00:21 | Rate limited, waiting 10s...
23:00:32 |     [Checkpoint saved: 13470 listings]
23:00:38 |   Progress: 780/13656 (779 successful, 1 failed)
23:00:46 | Rate limited, waiting 10s...
23:01:00 |   Progress: 790/13656 (789 successful, 1 failed)
23:01:09 | Rate limited, waiting 10s...
23:01:22 |   Progress: 800/13656 (799 successful, 1 failed)
23:01:22 |     [Checkpoint saved: 13495 listings]
23:01:32 | Rate limited, waiting 10s...
23:01:44 |   Progress: 810/13656 (809 successful, 1 failed)
23:01:52 | Rate limited, waiting 10s...
23:02:06 |   Progress: 820/13656 (819 successful, 1 failed)
23:02:13 |     [Checkpoint saved: 13520 listings]
23:02:16 | Rate limited, waiting 10s...
23:02:28 |   Progress: 830/13656 (829 successful, 1 failed)
23:02:38 | Rate limited, waiting 10s...
23:02:51 |   Progress: 840/13656 (839 successful, 1 failed)
23:02:59 | Rate limited, waiting 10s...
23:03:13 |   Progress: 850/13656 (849 successful, 1 failed)
23:03:13 |     [Checkpoint saved: 13545 listings]
23:03:24 | Rate limited, waiting 10s...
23:03:35 |   Progress: 860/13656 (859 successful, 1 failed)
23:03:47 |   Progress: 870/13656 (869 successful, 1 failed)
23:03:49 | Rate limited, waiting 10s...
23:04:03 |     [Checkpoint saved: 13570 listings]
23:04:09 |   Progress: 880/13656 (879 successful, 1 failed)
23:04:12 | Rate limited, waiting 10s...
23:04:31 |   Progress: 890/13656 (889 successful, 1 failed)
23:04:33 | Rate limited, waiting 10s...
23:04:53 |   Progress: 900/13656 (899 successful, 1 failed)
23:04:53 |     [Checkpoint saved: 13595 listings]
23:04:54 | Rate limited, waiting 10s...
23:05:15 |   Progress: 910/13656 (909 successful, 1 failed)
23:05:16 | Rate limited, waiting 10s...
23:05:38 |   Progress: 920/13656 (919 successful, 1 failed)
23:05:40 | Rate limited, waiting 10s...
23:05:54 |     [Checkpoint saved: 13620 listings]
23:06:00 |   Progress: 930/13656 (929 successful, 1 failed)
23:06:05 | Rate limited, waiting 10s...
23:06:23 |   Progress: 940/13656 (939 successful, 1 failed)
23:06:30 | Rate limited, waiting 10s...
23:06:45 |   Progress: 950/13656 (949 successful, 1 failed)
23:06:45 |     [Checkpoint saved: 13645 listings]
23:06:56 | Rate limited, waiting 10s...
23:07:08 |   Progress: 960/13656 (959 successful, 1 failed)
23:07:20 | Rate limited, waiting 10s...
23:07:30 |   Progress: 970/13656 (969 successful, 1 failed)
23:07:36 |     [Checkpoint saved: 13670 listings]
23:07:42 |   Progress: 980/13656 (979 successful, 1 failed)
23:07:45 | Rate limited, waiting 10s...
23:08:04 |   Progress: 990/13656 (989 successful, 1 failed)
23:08:08 | Rate limited, waiting 10s...
23:08:26 |   Progress: 1000/13656 (999 successful, 1 failed)
23:08:27 |     [Checkpoint saved: 13695 listings]
23:08:30 | Rate limited, waiting 10s...
23:08:49 |   Progress: 1010/13656 (1009 successful, 1 failed)
23:08:52 | Rate limited, waiting 10s...
23:09:11 |   Progress: 1020/13656 (1019 successful, 1 failed)
23:09:15 | Rate limited, waiting 10s...
23:09:27 |     [Checkpoint saved: 13720 listings]
23:09:33 |   Progress: 1030/13656 (1029 successful, 1 failed)
23:09:37 | Rate limited, waiting 10s...
23:09:56 |   Progress: 1040/13656 (1039 successful, 1 failed)
23:09:59 | Rate limited, waiting 10s...
23:10:18 |   Progress: 1050/13656 (1049 successful, 1 failed)
23:10:18 |     [Checkpoint saved: 13745 listings]
23:10:25 | Rate limited, waiting 10s...
23:10:40 |   Progress: 1060/13656 (1059 successful, 1 failed)
23:10:49 | Rate limited, waiting 10s...
23:11:02 |   Progress: 1070/13656 (1069 successful, 1 failed)
23:11:08 |     [Checkpoint saved: 13770 listings]
23:11:13 | Rate limited, waiting 10s...
23:11:24 |   Progress: 1080/13656 (1079 successful, 1 failed)
23:11:34 | Rate limited, waiting 10s...
23:11:46 |   Progress: 1090/13656 (1089 successful, 1 failed)
23:11:54 | Rate limited, waiting 10s...
23:12:08 |   Progress: 1100/13656 (1099 successful, 1 failed)
23:12:09 |     [Checkpoint saved: 13795 listings]
23:12:18 | Rate limited, waiting 10s...
23:12:31 |   Progress: 1110/13656 (1109 successful, 1 failed)
23:12:42 | Rate limited, waiting 10s...
23:12:53 |   Progress: 1120/13656 (1119 successful, 1 failed)
23:13:00 |     [Checkpoint saved: 13820 listings]
23:13:06 |   Progress: 1130/13656 (1129 successful, 1 failed)
23:13:07 | Rate limited, waiting 10s...
23:13:28 |   Progress: 1140/13656 (1139 successful, 1 failed)
23:13:30 | Rate limited, waiting 10s...
23:13:50 |   Progress: 1150/13656 (1149 successful, 1 failed)
23:13:50 |     [Checkpoint saved: 13845 listings]
23:13:53 | Rate limited, waiting 10s...
23:14:13 |   Progress: 1160/13656 (1159 successful, 1 failed)
23:14:16 | Rate limited, waiting 10s...
23:14:35 |   Progress: 1170/13656 (1169 successful, 1 failed)
23:14:38 | Rate limited, waiting 10s...
23:14:51 |     [Checkpoint saved: 13870 listings]
23:14:57 |   Progress: 1180/13656 (1179 successful, 1 failed)
23:15:01 | Rate limited, waiting 10s...
23:15:20 |   Progress: 1190/13656 (1189 successful, 1 failed)
23:15:27 | Rate limited, waiting 10s...
23:15:42 |   Progress: 1200/13656 (1199 successful, 1 failed)
23:15:42 |     [Checkpoint saved: 13895 listings]
23:15:53 | Rate limited, waiting 10s...
23:16:04 |   Progress: 1210/13656 (1209 successful, 1 failed)
23:16:16 | Rate limited, waiting 10s...
23:16:27 |   Progress: 1220/13656 (1219 successful, 1 failed)
23:16:33 |     [Checkpoint saved: 13920 listings]
23:16:39 | Rate limited, waiting 10s...
23:16:49 |   Progress: 1230/13656 (1229 successful, 1 failed)
23:17:01 |   Progress: 1240/13656 (1239 successful, 1 failed)
23:17:02 | Rate limited, waiting 10s...
23:17:24 |   Progress: 1250/13656 (1249 successful, 1 failed)
23:17:24 |     [Checkpoint saved: 13945 listings]
23:17:29 | Rate limited, waiting 10s...
23:17:46 |   Progress: 1260/13656 (1259 successful, 1 failed)
23:17:53 | Rate limited, waiting 10s...
23:18:08 |   Progress: 1270/13656 (1269 successful, 1 failed)
23:18:14 |     [Checkpoint saved: 13970 listings]
23:18:16 | Rate limited, waiting 10s...
23:18:30 |   Progress: 1280/13656 (1279 successful, 1 failed)
23:18:39 | Rate limited, waiting 10s...
23:18:52 |   Progress: 1290/13656 (1289 successful, 1 failed)
23:18:59 | Rate limited, waiting 10s...
23:19:14 |   Progress: 1300/13656 (1299 successful, 1 failed)
23:19:14 |     [Checkpoint saved: 13995 listings]
23:19:25 | Rate limited, waiting 10s...
23:19:37 |   Progress: 1310/13656 (1309 successful, 1 failed)
23:19:48 |   Progress: 1320/13656 (1319 successful, 1 failed)
23:19:49 | Rate limited, waiting 10s...
23:20:05 |     [Checkpoint saved: 14020 listings]
23:20:11 |   Progress: 1330/13656 (1329 successful, 1 failed)
23:20:13 | Rate limited, waiting 10s...
23:20:32 | Rate limited, waiting 10s...
23:20:43 |   Progress: 1340/13656 (1339 successful, 1 failed)
23:20:54 | Rate limited, waiting 10s...
23:21:06 |   Progress: 1350/13656 (1349 successful, 1 failed)
23:21:06 |     [Checkpoint saved: 14045 listings]
23:21:18 | Rate limited, waiting 10s...
23:21:28 |   Progress: 1360/13656 (1359 successful, 1 failed)
23:21:40 | Rate limited, waiting 10s...
23:21:50 |   Progress: 1370/13656 (1369 successful, 1 failed)
23:21:56 |     [Checkpoint saved: 14070 listings]
23:22:02 |   Progress: 1380/13656 (1379 successful, 1 failed)
23:22:05 | Rate limited, waiting 10s...
23:22:25 |   Progress: 1390/13656 (1389 successful, 1 failed)
23:22:30 | Rate limited, waiting 10s...
23:22:47 |   Progress: 1400/13656 (1399 successful, 1 failed)
23:22:47 |     [Checkpoint saved: 14095 listings]
23:22:54 | Rate limited, waiting 10s...
23:23:09 |   Progress: 1410/13656 (1409 successful, 1 failed)
23:23:16 | Rate limited, waiting 10s...
23:23:32 |   Progress: 1420/13656 (1419 successful, 1 failed)
23:23:39 |     [Checkpoint saved: 14120 listings]
23:23:42 | Rate limited, waiting 10s...
23:23:55 |   Progress: 1430/13656 (1429 successful, 1 failed)
23:24:05 | Rate limited, waiting 10s...
23:24:16 |   Progress: 1440/13656 (1439 successful, 1 failed)
23:24:27 | Rate limited, waiting 10s...
23:24:38 |   Progress: 1450/13656 (1449 successful, 1 failed)
23:24:39 |     [Checkpoint saved: 14145 listings]
23:24:50 | Rate limited, waiting 10s...
23:25:01 |   Progress: 1460/13656 (1459 successful, 1 failed)
23:25:12 | Rate limited, waiting 10s...
23:25:23 |   Progress: 1470/13656 (1469 successful, 1 failed)
23:25:29 |     [Checkpoint saved: 14170 listings]
23:25:33 | Rate limited, waiting 10s...
23:25:45 |   Progress: 1480/13656 (1479 successful, 1 failed)
23:25:54 | Rate limited, waiting 10s...
23:26:07 |   Progress: 1490/13656 (1489 successful, 1 failed)
23:26:16 | Rate limited, waiting 10s...
23:26:29 |   Progress: 1500/13656 (1499 successful, 1 failed)
23:26:29 |     [Checkpoint saved: 14195 listings]
23:26:40 | Rate limited, waiting 10s...
23:26:51 |   Progress: 1510/13656 (1509 successful, 1 failed)
23:27:03 | Rate limited, waiting 10s...
23:27:13 |   Progress: 1520/13656 (1519 successful, 1 failed)
23:27:19 |     [Checkpoint saved: 14220 listings]
23:27:25 |   Progress: 1530/13656 (1529 successful, 1 failed)
23:27:28 | Rate limited, waiting 10s...
23:27:47 |   Progress: 1540/13656 (1539 successful, 1 failed)
23:27:51 | Rate limited, waiting 10s...
23:28:09 |   Progress: 1550/13656 (1549 successful, 1 failed)
23:28:10 |     [Checkpoint saved: 14245 listings]
23:28:13 | Rate limited, waiting 10s...
23:28:31 |   Progress: 1560/13656 (1559 successful, 1 failed)
23:28:34 | Rate limited, waiting 10s...
23:28:53 |   Progress: 1570/13656 (1569 successful, 1 failed)
23:28:54 | Rate limited, waiting 10s...
23:29:09 |     [Checkpoint saved: 14270 listings]
23:29:15 |   Progress: 1580/13656 (1579 successful, 1 failed)
23:29:16 | Rate limited, waiting 10s...
23:29:37 |   Progress: 1590/13656 (1589 successful, 1 failed)
23:29:40 | Rate limited, waiting 10s...
23:29:59 |   Progress: 1600/13656 (1599 successful, 1 failed)
23:30:00 |     [Checkpoint saved: 14295 listings]
23:30:03 | Rate limited, waiting 10s...
23:30:22 |   Progress: 1610/13656 (1609 successful, 1 failed)
23:30:28 | Rate limited, waiting 10s...
23:30:44 |   Progress: 1620/13656 (1619 successful, 1 failed)
23:30:50 |     [Checkpoint saved: 14320 listings]
23:30:52 | Rate limited, waiting 10s...
23:31:06 |   Progress: 1630/13656 (1629 successful, 1 failed)
23:31:14 | Rate limited, waiting 10s...
23:31:28 |   Progress: 1640/13656 (1639 successful, 1 failed)
23:31:36 | Rate limited, waiting 10s...
23:31:50 |   Progress: 1650/13656 (1649 successful, 1 failed)
23:31:50 |     [Checkpoint saved: 14345 listings]
23:31:57 | Rate limited, waiting 10s...
23:32:12 |   Progress: 1660/13656 (1659 successful, 1 failed)
23:32:20 | Rate limited, waiting 10s...
23:32:34 |   Progress: 1670/13656 (1669 successful, 1 failed)
23:32:40 |     [Checkpoint saved: 14370 listings]
23:32:45 | Rate limited, waiting 10s...
23:32:56 |   Progress: 1680/13656 (1679 successful, 1 failed)
23:33:09 |   Progress: 1690/13656 (1689 successful, 1 failed)
23:33:10 | Rate limited, waiting 10s...
23:33:31 |   Progress: 1700/13656 (1699 successful, 1 failed)
23:33:31 |     [Checkpoint saved: 14395 listings]
23:33:32 | Rate limited, waiting 10s...
23:33:53 |   Progress: 1710/13656 (1709 successful, 1 failed)
23:33:54 | Rate limited, waiting 10s...
23:34:15 |   Progress: 1720/13656 (1719 successful, 1 failed)
23:34:16 | Rate limited, waiting 10s...
23:34:57 | Timeout for https://yeniemlak.az/elan/kiraye-2-otaqli-bina-evi-menzil-nerimanov-rayonu-huseyn-cavid-prospekti-837402, retrying...
23:35:08 |     [Checkpoint saved: 14420 listings]
23:35:14 |   Progress: 1730/13656 (1729 successful, 1 failed)
23:35:26 |   Progress: 1740/13656 (1739 successful, 1 failed)
23:35:34 | Rate limited, waiting 10s...
23:35:47 | Rate limited, waiting 10s...
23:35:59 |   Progress: 1750/13656 (1749 successful, 1 failed)
23:35:59 |     [Checkpoint saved: 14445 listings]
23:36:01 | Rate limited, waiting 10s...
23:36:42 | Timeout for https://yeniemlak.az/elan/satilir-4-otaqli-bina-evi-menzil-nesimi-rayonu-balababa-mecidov-kuc-837383, retrying...
23:36:57 |   Progress: 1760/13656 (1759 successful, 1 failed)
23:37:08 |   Progress: 1770/13656 (1769 successful, 1 failed)
23:37:15 |     [Checkpoint saved: 14470 listings]
23:37:21 |   Progress: 1780/13656 (1779 successful, 1 failed)
23:37:29 | Rate limited, waiting 10s...
23:37:43 | Rate limited, waiting 10s...
23:37:53 |   Progress: 1790/13656 (1789 successful, 1 failed)
23:37:57 | Rate limited, waiting 10s...
23:38:16 |   Progress: 1800/13656 (1799 successful, 1 failed)
23:38:16 |     [Checkpoint saved: 14495 listings]
23:38:21 | Rate limited, waiting 10s...
23:38:38 |   Progress: 1810/13656 (1809 successful, 1 failed)
23:38:45 | Rate limited, waiting 10s...
23:39:00 |   Progress: 1820/13656 (1819 successful, 1 failed)
23:39:07 |     [Checkpoint saved: 14520 listings]
23:39:12 | Rate limited, waiting 10s...
23:39:23 |   Progress: 1830/13656 (1829 successful, 1 failed)
23:39:34 | Rate limited, waiting 10s...
23:39:45 |   Progress: 1840/13656 (1839 successful, 1 failed)
23:39:56 | Rate limited, waiting 10s...
23:40:08 |   Progress: 1850/13656 (1849 successful, 1 failed)
23:40:08 |     [Checkpoint saved: 14545 listings]
23:40:20 |   Progress: 1860/13656 (1859 successful, 1 failed)
23:40:21 | Rate limited, waiting 10s...
23:40:42 |   Progress: 1870/13656 (1869 successful, 1 failed)
23:40:45 | Rate limited, waiting 10s...
23:40:58 |     [Checkpoint saved: 14570 listings]
23:41:05 |   Progress: 1880/13656 (1879 successful, 1 failed)
23:41:08 | Rate limited, waiting 10s...
23:41:27 |   Progress: 1890/13656 (1889 successful, 1 failed)
23:41:30 | Rate limited, waiting 10s...
23:41:49 |   Progress: 1900/13656 (1899 successful, 1 failed)
23:41:49 |     [Checkpoint saved: 14595 listings]
23:41:52 | Rate limited, waiting 10s...
23:42:33 | Timeout for https://yeniemlak.az/elan/satilir-2-otaqli-bina-evi-menzil-nizami-rayonu-rustem-rustemov-kuc-797955, retrying...
23:42:47 |   Progress: 1910/13656 (1909 successful, 1 failed)
23:42:59 |   Progress: 1920/13656 (1919 successful, 1 failed)
23:43:06 |     [Checkpoint saved: 14620 listings]
23:43:12 |   Progress: 1930/13656 (1929 successful, 1 failed)
23:43:24 | Rate limited, waiting 10s...
23:43:34 |   Progress: 1940/13656 (1939 successful, 1 failed)
23:43:40 | Rate limited, waiting 10s...
23:43:56 | Rate limited, waiting 10s...
23:44:06 |   Progress: 1950/13656 (1949 successful, 1 failed)
23:44:06 |     [Checkpoint saved: 14645 listings]
23:44:18 | Rate limited, waiting 10s...
23:44:28 |   Progress: 1960/13656 (1959 successful, 1 failed)
23:44:40 |   Progress: 1970/13656 (1969 successful, 1 failed)
23:44:42 | Rate limited, waiting 10s...
23:44:57 |     [Checkpoint saved: 14670 listings]
23:45:03 |   Progress: 1980/13656 (1979 successful, 1 failed)
23:45:07 | Rate limited, waiting 10s...
23:45:25 |   Progress: 1990/13656 (1989 successful, 1 failed)
23:45:31 | Rate limited, waiting 10s...
23:45:47 |   Progress: 2000/13656 (1999 successful, 1 failed)
23:45:48 |     [Checkpoint saved: 14695 listings]
23:45:55 | Rate limited, waiting 10s...
23:46:10 |   Progress: 2010/13656 (2009 successful, 1 failed)
23:46:18 | Rate limited, waiting 10s...
23:46:32 |   Progress: 2020/13656 (2019 successful, 1 failed)
23:46:38 |     [Checkpoint saved: 14720 listings]
23:46:42 | Rate limited, waiting 10s...
23:46:55 |   Progress: 2030/13656 (2029 successful, 1 failed)
23:47:05 | Rate limited, waiting 10s...
23:47:17 |   Progress: 2040/13656 (2039 successful, 1 failed)
23:47:27 | Rate limited, waiting 10s...
23:47:39 |   Progress: 2050/13656 (2049 successful, 1 failed)
23:47:39 |     [Checkpoint saved: 14745 listings]
23:47:51 | Rate limited, waiting 10s...
23:48:01 |   Progress: 2060/13656 (2059 successful, 1 failed)
23:48:13 | Rate limited, waiting 10s...
23:48:23 |   Progress: 2070/13656 (2069 successful, 1 failed)
23:48:29 |     [Checkpoint saved: 14770 listings]
23:48:34 | Rate limited, waiting 10s...
23:48:45 |   Progress: 2080/13656 (2079 successful, 1 failed)
23:48:54 | Rate limited, waiting 10s...
23:49:07 |   Progress: 2090/13656 (2089 successful, 1 failed)
23:49:18 | Rate limited, waiting 10s...
23:49:30 |   Progress: 2100/13656 (2099 successful, 1 failed)
23:49:30 |     [Checkpoint saved: 14795 listings]
23:49:42 | Rate limited, waiting 10s...
23:49:52 |   Progress: 2110/13656 (2109 successful, 1 failed)
23:50:04 |   Progress: 2120/13656 (2119 successful, 1 failed)
23:50:05 | Rate limited, waiting 10s...
23:50:20 |     [Checkpoint saved: 14820 listings]
23:50:27 |   Progress: 2130/13656 (2129 successful, 1 failed)
23:50:30 | Rate limited, waiting 10s...
23:50:49 |   Progress: 2140/13656 (2139 successful, 1 failed)
23:50:54 | Rate limited, waiting 10s...
23:51:10 |   Progress: 2150/13656 (2149 successful, 1 failed)
23:51:11 |     [Checkpoint saved: 14845 listings]
23:51:18 | Rate limited, waiting 10s...
23:51:33 |   Progress: 2160/13656 (2159 successful, 1 failed)
23:51:40 | Rate limited, waiting 10s...
23:51:55 |   Progress: 2170/13656 (2169 successful, 1 failed)
23:52:01 |     [Checkpoint saved: 14870 listings]
23:52:03 | Rate limited, waiting 10s...
23:52:17 |   Progress: 2180/13656 (2179 successful, 1 failed)
23:52:29 | Rate limited, waiting 10s...
23:52:39 |   Progress: 2190/13656 (2189 successful, 1 failed)
23:52:51 |   Progress: 2200/13656 (2199 successful, 1 failed)
23:52:51 |     [Checkpoint saved: 14895 listings]
23:52:55 | Rate limited, waiting 10s...
23:53:13 |   Progress: 2210/13656 (2209 successful, 1 failed)
23:53:18 | Rate limited, waiting 10s...
23:53:35 |   Progress: 2220/13656 (2219 successful, 1 failed)
23:53:40 | Rate limited, waiting 10s...
23:53:52 |     [Checkpoint saved: 14920 listings]
23:53:57 |   Progress: 2230/13656 (2229 successful, 1 failed)
23:54:03 | Rate limited, waiting 10s...
23:54:19 |   Progress: 2240/13656 (2239 successful, 1 failed)
23:54:27 | Rate limited, waiting 10s...
23:54:41 |   Progress: 2250/13656 (2249 successful, 1 failed)
23:54:41 |     [Checkpoint saved: 14945 listings]
23:54:51 | Rate limited, waiting 10s...
23:55:04 |   Progress: 2260/13656 (2259 successful, 1 failed)
23:55:15 | Rate limited, waiting 10s...
23:55:26 |   Progress: 2270/13656 (2269 successful, 1 failed)
23:55:32 |     [Checkpoint saved: 14970 listings]
23:55:36 | Rate limited, waiting 10s...
23:55:48 |   Progress: 2280/13656 (2279 successful, 1 failed)
23:55:56 | Rate limited, waiting 10s...
23:56:10 |   Progress: 2290/13656 (2289 successful, 1 failed)
23:56:20 | Rate limited, waiting 10s...
23:56:32 |   Progress: 2300/13656 (2299 successful, 1 failed)
23:56:33 |     [Checkpoint saved: 14995 listings]
23:56:44 | Rate limited, waiting 10s...
23:56:55 |   Progress: 2310/13656 (2309 successful, 1 failed)
23:57:07 |   Progress: 2320/13656 (2319 successful, 1 failed)
23:57:08 | Rate limited, waiting 10s...
23:57:23 |     [Checkpoint saved: 15020 listings]
23:57:29 |   Progress: 2330/13656 (2329 successful, 1 failed)
23:57:31 | Rate limited, waiting 10s...
23:57:51 |   Progress: 2340/13656 (2339 successful, 1 failed)
23:57:54 | Rate limited, waiting 10s...
23:58:13 |   Progress: 2350/13656 (2349 successful, 1 failed)
23:58:14 |     [Checkpoint saved: 15045 listings]
23:58:18 | Rate limited, waiting 10s...
23:58:36 |   Progress: 2360/13656 (2359 successful, 1 failed)
23:58:42 | Rate limited, waiting 10s...
23:58:58 |   Progress: 2370/13656 (2369 successful, 1 failed)
23:59:04 |     [Checkpoint saved: 15070 listings]
23:59:05 | Rate limited, waiting 10s...
23:59:20 |   Progress: 2380/13656 (2379 successful, 1 failed)
23:59:30 | Rate limited, waiting 10s...
23:59:43 |   Progress: 2390/13656 (2389 successful, 1 failed)
23:59:55 | Rate limited, waiting 10s...
00:00:05 |   Progress: 2400/13656 (2399 successful, 1 failed)
00:00:05 |     [Checkpoint saved: 15095 listings]
00:00:17 |   Progress: 2410/13656 (2409 successful, 1 failed)
00:00:18 | Rate limited, waiting 10s...
00:00:40 |   Progress: 2420/13656 (2419 successful, 1 failed)
00:00:42 | Rate limited, waiting 10s...
00:00:56 |     [Checkpoint saved: 15120 listings]
00:01:02 |   Progress: 2430/13656 (2429 successful, 1 failed)
00:01:06 | Rate limited, waiting 10s...
00:01:24 |   Progress: 2440/13656 (2439 successful, 1 failed)
00:01:29 | Rate limited, waiting 10s...
00:01:47 |   Progress: 2450/13656 (2449 successful, 1 failed)
00:01:47 |     [Checkpoint saved: 15145 listings]
00:01:53 | Rate limited, waiting 10s...
00:02:09 |   Progress: 2460/13656 (2459 successful, 1 failed)
00:02:15 | Rate limited, waiting 10s...
00:02:31 |   Progress: 2470/13656 (2469 successful, 1 failed)
00:02:36 | Rate limited, waiting 10s...
00:02:47 |     [Checkpoint saved: 15170 listings]
00:02:53 |   Progress: 2480/13656 (2479 successful, 1 failed)
00:02:59 | Rate limited, waiting 10s...
00:03:15 |   Progress: 2490/13656 (2489 successful, 1 failed)
00:03:23 | Rate limited, waiting 10s...
00:03:37 |   Progress: 2500/13656 (2499 successful, 1 failed)
00:03:37 |     [Checkpoint saved: 15195 listings]
00:03:47 | Rate limited, waiting 10s...
00:03:59 |   Progress: 2510/13656 (2509 successful, 1 failed)
00:04:10 | Rate limited, waiting 10s...
00:04:20 |   Progress: 2520/13656 (2519 successful, 1 failed)
00:04:27 |     [Checkpoint saved: 15220 listings]
00:04:31 | Rate limited, waiting 10s...
00:04:43 |   Progress: 2530/13656 (2529 successful, 1 failed)
00:04:52 | Rate limited, waiting 10s...
00:05:05 |   Progress: 2540/13656 (2539 successful, 1 failed)
00:05:14 | Rate limited, waiting 10s...
00:05:27 |   Progress: 2550/13656 (2549 successful, 1 failed)
00:05:27 |     [Checkpoint saved: 15245 listings]
00:05:37 | Rate limited, waiting 10s...
00:05:49 |   Progress: 2560/13656 (2559 successful, 1 failed)
00:05:59 | Rate limited, waiting 10s...
00:06:11 |   Progress: 2570/13656 (2569 successful, 1 failed)
00:06:17 |     [Checkpoint saved: 15270 listings]
00:06:23 | Rate limited, waiting 10s...
00:06:33 |   Progress: 2580/13656 (2579 successful, 1 failed)
00:06:45 |   Progress: 2590/13656 (2589 successful, 1 failed)
00:06:47 | Rate limited, waiting 10s...
00:07:07 |   Progress: 2600/13656 (2599 successful, 1 failed)
00:07:07 |     [Checkpoint saved: 15295 listings]
00:07:10 | Rate limited, waiting 10s...
00:07:29 |   Progress: 2610/13656 (2609 successful, 1 failed)
00:07:31 | Rate limited, waiting 10s...
00:07:51 |   Progress: 2620/13656 (2619 successful, 1 failed)
00:07:52 | Rate limited, waiting 10s...
00:08:07 |     [Checkpoint saved: 15320 listings]
00:08:13 |   Progress: 2630/13656 (2629 successful, 1 failed)
00:08:14 | Rate limited, waiting 10s...
00:08:35 | Rate limited, waiting 10s...
00:08:45 |   Progress: 2640/13656 (2639 successful, 1 failed)
00:08:57 | Rate limited, waiting 10s...
00:09:07 |   Progress: 2650/13656 (2649 successful, 1 failed)
00:09:07 |     [Checkpoint saved: 15345 listings]
00:09:19 |   Progress: 2660/13656 (2659 successful, 1 failed)
00:09:22 | Rate limited, waiting 10s...
00:09:42 |   Progress: 2670/13656 (2669 successful, 1 failed)
00:09:45 | Rate limited, waiting 10s...
00:09:58 |     [Checkpoint saved: 15370 listings]
00:10:04 |   Progress: 2680/13656 (2679 successful, 1 failed)
00:10:10 | Rate limited, waiting 10s...
00:10:26 |   Progress: 2690/13656 (2689 successful, 1 failed)
00:10:32 | Rate limited, waiting 10s...
00:10:48 |   Progress: 2700/13656 (2699 successful, 1 failed)
00:10:48 |     [Checkpoint saved: 15395 listings]
00:10:54 | Rate limited, waiting 10s...
00:11:10 |   Progress: 2710/13656 (2709 successful, 1 failed)
00:11:16 | Rate limited, waiting 10s...
00:11:32 |   Progress: 2720/13656 (2719 successful, 1 failed)
00:11:38 | Rate limited, waiting 10s...
00:11:48 |     [Checkpoint saved: 15420 listings]
00:11:54 |   Progress: 2730/13656 (2729 successful, 1 failed)
00:12:01 | Rate limited, waiting 10s...
00:12:17 |   Progress: 2740/13656 (2739 successful, 1 failed)
00:12:27 | Rate limited, waiting 10s...
00:12:38 |   Progress: 2750/13656 (2749 successful, 1 failed)
00:12:39 |     [Checkpoint saved: 15445 listings]
00:12:50 |   Progress: 2760/13656 (2759 successful, 1 failed)
00:12:51 | Rate limited, waiting 10s...
00:13:12 |   Progress: 2770/13656 (2769 successful, 1 failed)
00:13:13 | Rate limited, waiting 10s...
00:13:28 |     [Checkpoint saved: 15470 listings]
00:13:34 | Rate limited, waiting 10s...
00:13:44 |   Progress: 2780/13656 (2779 successful, 1 failed)
00:13:54 | Rate limited, waiting 10s...
00:14:06 |   Progress: 2790/13656 (2789 successful, 1 failed)
00:14:16 | Rate limited, waiting 10s...
00:14:28 |   Progress: 2800/13656 (2799 successful, 1 failed)
00:14:28 |     [Checkpoint saved: 15495 listings]
00:14:40 | Rate limited, waiting 10s...
00:14:50 |   Progress: 2810/13656 (2809 successful, 1 failed)
00:15:02 |   Progress: 2820/13656 (2819 successful, 1 failed)
00:15:03 | Rate limited, waiting 10s...
00:15:18 |     [Checkpoint saved: 15520 listings]
00:15:24 |   Progress: 2830/13656 (2829 successful, 1 failed)
00:15:26 | Rate limited, waiting 10s...
00:15:46 |   Progress: 2840/13656 (2839 successful, 1 failed)
00:15:51 | Rate limited, waiting 10s...
00:16:08 |   Progress: 2850/13656 (2849 successful, 1 failed)
00:16:08 |     [Checkpoint saved: 15545 listings]
00:16:13 | Rate limited, waiting 10s...
00:16:30 |   Progress: 2860/13656 (2859 successful, 1 failed)
00:16:33 | Rate limited, waiting 10s...
00:16:52 |   Progress: 2870/13656 (2869 successful, 1 failed)
00:16:54 | Rate limited, waiting 10s...
00:17:09 |     [Checkpoint saved: 15570 listings]
00:17:14 |   Progress: 2880/13656 (2879 successful, 1 failed)
00:17:17 | Rate limited, waiting 10s...
00:17:36 |   Progress: 2890/13656 (2889 successful, 1 failed)
00:17:40 | Rate limited, waiting 10s...
00:17:59 |   Progress: 2900/13656 (2899 successful, 1 failed)
00:17:59 |     [Checkpoint saved: 15595 listings]
00:18:04 | Rate limited, waiting 10s...
00:18:21 |   Progress: 2910/13656 (2909 successful, 1 failed)
00:18:28 | Rate limited, waiting 10s...
00:18:43 |   Progress: 2920/13656 (2919 successful, 1 failed)
00:18:50 |     [Checkpoint saved: 15620 listings]
00:18:53 | Rate limited, waiting 10s...
00:19:06 |   Progress: 2930/13656 (2929 successful, 1 failed)
00:19:15 | Rate limited, waiting 10s...
00:19:28 |   Progress: 2940/13656 (2939 successful, 1 failed)
00:19:37 | Rate limited, waiting 10s...
00:19:50 |   Progress: 2950/13656 (2949 successful, 1 failed)
00:19:50 |     [Checkpoint saved: 15645 listings]
00:19:59 | Rate limited, waiting 10s...
00:20:12 |   Progress: 2960/13656 (2959 successful, 1 failed)
00:20:23 | Rate limited, waiting 10s...
00:20:34 |   Progress: 2970/13656 (2969 successful, 1 failed)
00:20:40 |     [Checkpoint saved: 15670 listings]
00:20:46 |   Progress: 2980/13656 (2979 successful, 1 failed)
00:20:49 | Rate limited, waiting 10s...
00:21:08 |   Progress: 2990/13656 (2989 successful, 1 failed)
00:21:13 | Rate limited, waiting 10s...
00:21:30 |   Progress: 3000/13656 (2999 successful, 1 failed)
00:21:30 |     [Checkpoint saved: 15695 listings]
00:21:33 | Rate limited, waiting 10s...
00:22:23 | Timeout for https://yeniemlak.az/elan/satilir-2-otaqli-bina-evi-menzil-6-ci-mikrorayon-sumqayit-s-6-ci-mikrorayon-803417, retrying...
00:22:59 | Timeout for https://yeniemlak.az/elan/satilir-2-otaqli-bina-evi-menzil-6-ci-mikrorayon-sumqayit-s-6-ci-mikrorayon-803417, retrying...
00:23:19 | 

Shutdown requested. Saving progress...
00:23:35 | Timeout for https://yeniemlak.az/elan/satilir-2-otaqli-bina-evi-menzil-6-ci-mikrorayon-sumqayit-s-6-ci-mikrorayon-803417, retrying...
00:23:40 |   Progress: 3010/13656 (3008 successful, 2 failed)
00:23:40 | 
Shutdown requested, saving progress...
00:23:40 | 
==================================================
00:23:40 | SCRAPING COMPLETED
00:23:40 | ==================================================
00:23:40 | Total listings scraped: 15704
00:23:40 | Saved 15704 listings to listings.csv
00:23:41 | Saved 15704 listings to listings.json
00:23:41 | Finished at: 2025-12-31 00:23:41.256323
